2025-07-08 20:48:20 - Iniciando cambio de contraseña
2025-07-08 20:48:20 - Datos recibidos: current=SI, new=SI, confirm=SI
2025-07-08 20:48:20 - Usuario ID: 1
2025-07-08 20:48:20 - Usuario encontrado: David torres
2025-07-08 20:48:20 - Hash actual: 123456...
2025-07-08 20:48:20 - Contraseña actual incorrecta
2025-07-08 21:02:07 - Iniciando cambio de contraseña
2025-07-08 21:02:07 - Datos recibidos: current=SI, new=SI, confirm=SI
2025-07-08 21:02:07 - Usuario ID: 1
2025-07-08 21:02:07 - Usuario encontrado: David torres
2025-07-08 21:02:07 - Hash actual: 123456...
2025-07-08 21:02:07 - Contraseña actual incorrecta
2025-07-08 21:07:03 - Iniciando cambio de contraseña
2025-07-08 21:07:03 - Datos recibidos: current=SI, new=SI, confirm=SI
2025-07-08 21:07:03 - Usuario ID: 3
2025-07-08 21:07:03 - Usuario encontrado: david torres
2025-07-08 21:07:03 - Hash actual: $2y$10$Y2.FeOGhTS.G6KSsirnWkOP1nZix11qPueJQoYRazM/...
2025-07-08 21:07:03 - Contraseña actual verificada correctamente
2025-07-08 21:07:03 - Nuevo hash generado: $2y$10$oExFI7fioC9j0zly1mYfc.rZ9sapBvQI.7rbLjY8U5Y...
2025-07-08 21:07:03 - Resultado updateUser: TRUE
2025-07-08 21:07:03 - Verificación post-update: TRUE
2025-07-08 21:07:03 - ÉXITO: Contraseña actualizada
2025-07-08 21:07:03 - Redirigiendo a profile
