2025-07-07 21:59:20 Array
(
    [user_id] => 1
    [email] => david@gmail.com
    [user_role] => cliente
    [nombre] => David
    [apellido] => Antolinez
    [cliente_id] => 1
)

2025-07-07 22:04:16 Array
(
    [user_id] => 1
    [email] => david@gmail.com
    [user_role] => cliente
    [nombre] => David
    [apellido] => Antolinez
    [cliente_id] => 1
)

2025-07-08 16:47:44 Array
(
    [user_id] => 1
    [email] => david@gmail.com
    [user_role] => cliente
    [nombre] => david
    [apellido] => torres
    [cliente_id] => 1
)

2025-07-08 16:47:57 Array
(
    [user_id] => 1
    [email] => david@gmail.com
    [user_role] => cliente
    [nombre] => david
    [apellido] => torres
    [cliente_id] => 1
)

2025-07-08 16:50:08 Array
(
    [user_id] => 1
    [email] => david@gmail.com
    [user_role] => cliente
    [nombre] => david
    [apellido] => torres
    [cliente_id] => 1
)

2025-07-08 16:50:38 Array
(
    [user_id] => 1
    [email] => david@gmail.com
    [user_role] => cliente
    [nombre] => david
    [apellido] => torres
    [cliente_id] => 1
)

2025-07-08 17:03:05 Array
(
    [user_id] => 1
    [email] => david@gmail.com
    [user_role] => cliente
    [nombre] => david
    [apellido] => torres
    [cliente_id] => 1
)

2025-07-08 17:03:16 Array
(
    [user_id] => 1
    [email] => david@gmail.com
    [user_role] => cliente
    [nombre] => david
    [apellido] => torres
    [cliente_id] => 1
)

2025-07-08 17:08:18 Array
(
    [user_id] => 1
    [email] => david@gmail.com
    [user_role] => cliente
    [nombre] => david
    [apellido] => torres
    [cliente_id] => 1
)

2025-07-08 17:14:04 Array
(
    [user_id] => 1
    [email] => david@gmail.com
    [user_role] => cliente
    [nombre] => david
    [apellido] => torres
    [cliente_id] => 1
)

2025-07-08 20:14:51 Array
(
    [user_id] => 1
    [email] => david@gmail.com
    [user_role] => cliente
    [nombre] => david
    [apellido] => torres
    [cliente_id] => 1
)

2025-07-08 21:05:27 Array
(
    [user_id] => 3
    [email] => david@gmail.com
    [user_role] => cliente
    [nombre] => david
    [apellido] => torres
    [cliente_id] => 3
    [auth_success] => Registro exitoso. ¡Bienvenido a SunObra!
)

2025-07-08 21:07:32 Array
(
    [user_id] => 3
    [email] => david@gmail.com
    [user_role] => cliente
    [nombre] => david
    [apellido] => torres
    [cliente_id] => 3
)

2025-07-08 21:46:07 Array
(
    [user_id] => 3
    [email] => david@gmail.com
    [user_role] => cliente
    [nombre] => david
    [apellido] => torres
    [cliente_id] => 3
)

