ANTES: Array
(
    [user_id] => 1
    [email] => david@gmail.com
    [user_role] => root
    [nombre] => David
    [apellido] => Antolinez
    [cliente_id] => 1
    [user_email] => idruizv@gmail.com
    [user_name] => Iván
    [user_lastname] => Ruiz
    [logged_in] => 1
    [login_time] => 1751941171
    [ByFrost_redirect] => root&action=dashboard
)

DESPUES: Array
(
)

ANTES: Array
(
    [user_id] => 1
    [email] => david@gmail.com
    [user_role] => cliente
    [nombre] => David
    [apellido] => Antolinez
    [cliente_id] => 1
)

DESPUES: Array
(
)

ANTES: Array
(
    [user_id] => 1
    [email] => david@gmail.com
    [user_role] => cliente
    [nombre] => david
    [apellido] => torres
    [cliente_id] => 1
)

DESPUES: Array
(
)

ANTES: Array
(
    [user_id] => 1
    [email] => david@gmail.com
    [user_role] => cliente
    [nombre] => david
    [apellido] => torres
    [cliente_id] => 1
)

DESPUES: Array
(
)

ANTES: Array
(
    [user_id] => 2
    [email] => felipe@correo.com
    [user_role] => obrero
    [nombre] => Felipe
    [apellido] => Bermúdez
    [obrero_id] => 2
)

DESPUES: Array
(
)

ANTES: Array
(
    [user_id] => 4
    [email] => gabriel@correo.com
    [user_role] => obrero
    [nombre] => Gabriel
    [apellido] => Arias
    [obrero_id] => 4
)

DESPUES: Array
(
)

ANTES: Array
(
    [user_id] => 1
    [email] => david@gmail.com
    [user_role] => admin
    [nombre] => David
    [apellido] => Antolinez
    [admin_id] => 1
)

DESPUES: Array
(
)

ANTES: Array
(
    [user_id] => 1
    [email] => david@gmail.com
    [user_role] => admin
    [nombre] => David
    [apellido] => Antolinez
    [admin_id] => 1
    [auth_success] => Usuario actualizado correctamente
)

DESPUES: Array
(
)

